[19:44:13] [main/INFO]: Loading Minecraft 1.21 with Fabric Loader 0.16.3
[19:44:13] [main/INFO]: Loading 4 mods:
	- fabricloader 0.16.3
	   \-- mixinextras 0.4.1
	- java 21
	- minecraft 1.21
[19:44:13] [main/INFO]: SpongePowered MIXIN Subsystem Version=0.8.7 Source=file:/workspaces/new-repository-test-ms/servidor_minecraft/libraries/net/fabricmc/sponge-mixin/0.15.2+mixin.0.8.7/sponge-mixin-0.15.2+mixin.0.8.7.jar Service=Knot/Fabric Env=SERVER
[19:44:23] [main/INFO]: Environment: Environment[sessionHost=https://sessionserver.mojang.com, servicesHost=https://api.minecraftservices.com, name=PROD]
[19:44:24] [main/INFO]: No existing world data, creating new world
[19:44:26] [main/INFO]: Loaded 1290 recipes
[19:44:26] [main/INFO]: Loaded 1399 advancements
[19:44:27] [Server thread/INFO]: Starting minecraft server version 1.21
[19:44:27] [Server thread/INFO]: Loading properties
[19:44:27] [Server thread/INFO]: Default game type: SURVIVAL
[19:44:27] [Server thread/INFO]: Generating keypair
[19:44:27] [Server thread/INFO]: Starting Minecraft server on *:25565
[19:44:27] [Server thread/INFO]: Using epoll channel type
[19:44:27] [Server thread/WARN]: **** SERVER IS RUNNING IN OFFLINE/INSECURE MODE!
[19:44:27] [Server thread/WARN]: The server will make no attempt to authenticate usernames. Beware.
[19:44:27] [Server thread/WARN]: While this makes the game possible to play without internet access, it also opens up the ability for hackers to connect with any username they choose.
[19:44:27] [Server thread/WARN]: To change this, set "online-mode" to "true" in the server.properties file.
[19:44:27] [Server thread/INFO]: Preparing level "world"
[19:44:42] [Server thread/INFO]: Preparing start region for dimension minecraft:overworld
[19:44:42] [Worker-Main-1/INFO]: Preparing spawn area: 2%
[19:44:42] [Worker-Main-1/INFO]: Preparing spawn area: 2%
[19:44:43] [Worker-Main-1/INFO]: Preparing spawn area: 2%
[19:44:43] [Worker-Main-1/INFO]: Preparing spawn area: 2%
[19:44:44] [Worker-Main-1/INFO]: Preparing spawn area: 2%
[19:44:44] [Worker-Main-1/INFO]: Preparing spawn area: 2%
[19:44:45] [Worker-Main-1/INFO]: Preparing spawn area: 2%
[19:44:45] [Worker-Main-1/INFO]: Preparing spawn area: 2%
[19:44:46] [Worker-Main-1/INFO]: Preparing spawn area: 2%
[19:44:46] [Worker-Main-1/INFO]: Preparing spawn area: 2%
[19:44:47] [Worker-Main-1/INFO]: Preparing spawn area: 2%
[19:44:47] [Worker-Main-1/INFO]: Preparing spawn area: 2%
[19:44:48] [Worker-Main-1/INFO]: Preparing spawn area: 6%
[19:44:48] [Worker-Main-1/INFO]: Preparing spawn area: 18%
[19:44:49] [Worker-Main-1/INFO]: Preparing spawn area: 20%
[19:44:49] [Worker-Main-1/INFO]: Preparing spawn area: 40%
[19:44:50] [Worker-Main-1/INFO]: Preparing spawn area: 40%
[19:44:50] [Worker-Main-1/INFO]: Preparing spawn area: 51%
[19:44:51] [Worker-Main-1/INFO]: Preparing spawn area: 51%
[19:44:51] [Worker-Main-1/INFO]: Preparing spawn area: 51%
[19:44:52] [Worker-Main-1/INFO]: Preparing spawn area: 59%
[19:44:52] [Server thread/INFO]: Time elapsed: 10319 ms
[19:44:52] [Server thread/INFO]: Done (24.613s)! For help, type "help"
[19:50:20] [Server thread/INFO]: Dandudreams[/127.237.227.243:35393] logged in with entity id 22 at (-178.5, 71.0, 28.5)
[19:50:20] [Server thread/INFO]: Dandudreams joined the game
[19:52:32] [Server thread/INFO]: Made Dandudreams a server operator
[19:53:31] [Server thread/INFO]: [Dandudreams: Gave 1 [Stone Axe] to Dandudreams]
[19:54:17] [Server thread/INFO]: [Dandudreams: Gave 1 [Brown Bed] to Dandudreams]
[19:54:34] [Server thread/INFO]: Dandudreams was killed
[19:54:34] [Server thread/INFO]: [Dandudreams: Killed Dandudreams]
[19:55:13] [Server thread/INFO]: [Dandudreams: Set the time to 1000]
[19:58:04] [Server thread/INFO]: Dandudreams lost connection: Disconnected
[19:58:04] [Server thread/INFO]: Dandudreams left the game
[20:03:38] [Server thread/INFO]: Stopping the server
[20:03:38] [Server thread/INFO]: Stopping server
[20:03:38] [Server thread/INFO]: Saving players
[20:03:38] [Server thread/INFO]: Saving worlds
[20:03:38] [Server thread/INFO]: Saving chunks for level 'ServerLevel[world]'/minecraft:overworld
[20:03:38] [Server thread/INFO]: Saving chunks for level 'ServerLevel[world]'/minecraft:the_end
[20:03:38] [Server thread/INFO]: Saving chunks for level 'ServerLevel[world]'/minecraft:the_nether
[20:03:38] [Server thread/INFO]: ThreadedAnvilChunkStorage (world): All chunks are saved
[20:03:38] [Server thread/INFO]: ThreadedAnvilChunkStorage (DIM1): All chunks are saved
[20:03:38] [Server thread/INFO]: ThreadedAnvilChunkStorage (DIM-1): All chunks are saved
[20:03:38] [Server thread/INFO]: ThreadedAnvilChunkStorage: All dimensions are saved
